<?xml version="1.0" encoding="UTF-8"?>
<testsuite xmlns:xsi="http://www.w3.org/2001/XMLSchema-instance" xsi:noNamespaceSchemaLocation="https://maven.apache.org/surefire/maven-surefire-plugin/xsd/surefire-test-report.xsd" name="com.itheima.springboot1.SpringBoot1ApplicationTests" time="1.427" tests="1" errors="0" skipped="0" failures="0">
  <properties>
    <property name="sun.desktop" value="windows"/>
    <property name="awt.toolkit" value="sun.awt.windows.WToolkit"/>
    <property name="file.encoding.pkg" value="sun.io"/>
    <property name="java.specification.version" value="1.8"/>
    <property name="sun.cpu.isalist" value="amd64"/>
    <property name="sun.jnu.encoding" value="GBK"/>
    <property name="java.class.path" value="G:\Data\idea_data\SpringBoot1\target\test-classes;G:\Data\idea_data\SpringBoot1\target\classes;D:\软件\apache-maven-3.8.6\mvn_resp\org\springframework\boot\spring-boot-starter-web\2.7.6\spring-boot-starter-web-2.7.6.jar;D:\软件\apache-maven-3.8.6\mvn_resp\org\springframework\boot\spring-boot-starter\2.7.6\spring-boot-starter-2.7.6.jar;D:\软件\apache-maven-3.8.6\mvn_resp\org\springframework\boot\spring-boot\2.7.6\spring-boot-2.7.6.jar;D:\软件\apache-maven-3.8.6\mvn_resp\org\springframework\boot\spring-boot-autoconfigure\2.7.6\spring-boot-autoconfigure-2.7.6.jar;D:\软件\apache-maven-3.8.6\mvn_resp\org\springframework\boot\spring-boot-starter-logging\2.7.6\spring-boot-starter-logging-2.7.6.jar;D:\软件\apache-maven-3.8.6\mvn_resp\ch\qos\logback\logback-classic\1.2.11\logback-classic-1.2.11.jar;D:\软件\apache-maven-3.8.6\mvn_resp\ch\qos\logback\logback-core\1.2.11\logback-core-1.2.11.jar;D:\软件\apache-maven-3.8.6\mvn_resp\org\apache\logging\log4j\log4j-to-slf4j\2.17.2\log4j-to-slf4j-2.17.2.jar;D:\软件\apache-maven-3.8.6\mvn_resp\org\apache\logging\log4j\log4j-api\2.17.2\log4j-api-2.17.2.jar;D:\软件\apache-maven-3.8.6\mvn_resp\org\slf4j\jul-to-slf4j\1.7.36\jul-to-slf4j-1.7.36.jar;D:\软件\apache-maven-3.8.6\mvn_resp\jakarta\annotation\jakarta.annotation-api\1.3.5\jakarta.annotation-api-1.3.5.jar;D:\软件\apache-maven-3.8.6\mvn_resp\org\yaml\snakeyaml\1.30\snakeyaml-1.30.jar;D:\软件\apache-maven-3.8.6\mvn_resp\org\springframework\boot\spring-boot-starter-json\2.7.6\spring-boot-starter-json-2.7.6.jar;D:\软件\apache-maven-3.8.6\mvn_resp\com\fasterxml\jackson\core\jackson-databind\2.13.4.2\jackson-databind-2.13.4.2.jar;D:\软件\apache-maven-3.8.6\mvn_resp\com\fasterxml\jackson\core\jackson-annotations\2.13.4\jackson-annotations-2.13.4.jar;D:\软件\apache-maven-3.8.6\mvn_resp\com\fasterxml\jackson\core\jackson-core\2.13.4\jackson-core-2.13.4.jar;D:\软件\apache-maven-3.8.6\mvn_resp\com\fasterxml\jackson\datatype\jackson-datatype-jdk8\2.13.4\jackson-datatype-jdk8-2.13.4.jar;D:\软件\apache-maven-3.8.6\mvn_resp\com\fasterxml\jackson\datatype\jackson-datatype-jsr310\2.13.4\jackson-datatype-jsr310-2.13.4.jar;D:\软件\apache-maven-3.8.6\mvn_resp\com\fasterxml\jackson\module\jackson-module-parameter-names\2.13.4\jackson-module-parameter-names-2.13.4.jar;D:\软件\apache-maven-3.8.6\mvn_resp\org\springframework\spring-web\5.3.24\spring-web-5.3.24.jar;D:\软件\apache-maven-3.8.6\mvn_resp\org\springframework\spring-beans\5.3.24\spring-beans-5.3.24.jar;D:\软件\apache-maven-3.8.6\mvn_resp\org\springframework\spring-webmvc\5.3.24\spring-webmvc-5.3.24.jar;D:\软件\apache-maven-3.8.6\mvn_resp\org\springframework\spring-aop\5.3.24\spring-aop-5.3.24.jar;D:\软件\apache-maven-3.8.6\mvn_resp\org\springframework\spring-context\5.3.24\spring-context-5.3.24.jar;D:\软件\apache-maven-3.8.6\mvn_resp\org\springframework\spring-expression\5.3.24\spring-expression-5.3.24.jar;D:\软件\apache-maven-3.8.6\mvn_resp\org\springframework\boot\spring-boot-starter-test\2.7.6\spring-boot-starter-test-2.7.6.jar;D:\软件\apache-maven-3.8.6\mvn_resp\org\springframework\boot\spring-boot-test\2.7.6\spring-boot-test-2.7.6.jar;D:\软件\apache-maven-3.8.6\mvn_resp\org\springframework\boot\spring-boot-test-autoconfigure\2.7.6\spring-boot-test-autoconfigure-2.7.6.jar;D:\软件\apache-maven-3.8.6\mvn_resp\com\jayway\jsonpath\json-path\2.7.0\json-path-2.7.0.jar;D:\软件\apache-maven-3.8.6\mvn_resp\net\minidev\json-smart\2.4.8\json-smart-2.4.8.jar;D:\软件\apache-maven-3.8.6\mvn_resp\net\minidev\accessors-smart\2.4.8\accessors-smart-2.4.8.jar;D:\软件\apache-maven-3.8.6\mvn_resp\org\slf4j\slf4j-api\1.7.36\slf4j-api-1.7.36.jar;D:\软件\apache-maven-3.8.6\mvn_resp\jakarta\xml\bind\jakarta.xml.bind-api\2.3.3\jakarta.xml.bind-api-2.3.3.jar;D:\软件\apache-maven-3.8.6\mvn_resp\jakarta\activation\jakarta.activation-api\1.2.2\jakarta.activation-api-1.2.2.jar;D:\软件\apache-maven-3.8.6\mvn_resp\org\assertj\assertj-core\3.22.0\assertj-core-3.22.0.jar;D:\软件\apache-maven-3.8.6\mvn_resp\org\hamcrest\hamcrest\2.2\hamcrest-2.2.jar;D:\软件\apache-maven-3.8.6\mvn_resp\org\junit\jupiter\junit-jupiter\5.8.2\junit-jupiter-5.8.2.jar;D:\软件\apache-maven-3.8.6\mvn_resp\org\junit\jupiter\junit-jupiter-api\5.8.2\junit-jupiter-api-5.8.2.jar;D:\软件\apache-maven-3.8.6\mvn_resp\org\opentest4j\opentest4j\1.2.0\opentest4j-1.2.0.jar;D:\软件\apache-maven-3.8.6\mvn_resp\org\junit\platform\junit-platform-commons\1.8.2\junit-platform-commons-1.8.2.jar;D:\软件\apache-maven-3.8.6\mvn_resp\org\apiguardian\apiguardian-api\1.1.2\apiguardian-api-1.1.2.jar;D:\软件\apache-maven-3.8.6\mvn_resp\org\junit\jupiter\junit-jupiter-params\5.8.2\junit-jupiter-params-5.8.2.jar;D:\软件\apache-maven-3.8.6\mvn_resp\org\junit\jupiter\junit-jupiter-engine\5.8.2\junit-jupiter-engine-5.8.2.jar;D:\软件\apache-maven-3.8.6\mvn_resp\org\junit\platform\junit-platform-engine\1.8.2\junit-platform-engine-1.8.2.jar;D:\软件\apache-maven-3.8.6\mvn_resp\org\mockito\mockito-core\4.5.1\mockito-core-4.5.1.jar;D:\软件\apache-maven-3.8.6\mvn_resp\net\bytebuddy\byte-buddy\1.12.19\byte-buddy-1.12.19.jar;D:\软件\apache-maven-3.8.6\mvn_resp\net\bytebuddy\byte-buddy-agent\1.12.19\byte-buddy-agent-1.12.19.jar;D:\软件\apache-maven-3.8.6\mvn_resp\org\objenesis\objenesis\3.2\objenesis-3.2.jar;D:\软件\apache-maven-3.8.6\mvn_resp\org\mockito\mockito-junit-jupiter\4.5.1\mockito-junit-jupiter-4.5.1.jar;D:\软件\apache-maven-3.8.6\mvn_resp\org\skyscreamer\jsonassert\1.5.1\jsonassert-1.5.1.jar;D:\软件\apache-maven-3.8.6\mvn_resp\com\vaadin\external\google\android-json\0.0.20131108.vaadin1\android-json-0.0.20131108.vaadin1.jar;D:\软件\apache-maven-3.8.6\mvn_resp\org\springframework\spring-core\5.3.24\spring-core-5.3.24.jar;D:\软件\apache-maven-3.8.6\mvn_resp\org\springframework\spring-jcl\5.3.24\spring-jcl-5.3.24.jar;D:\软件\apache-maven-3.8.6\mvn_resp\org\springframework\spring-test\5.3.24\spring-test-5.3.24.jar;D:\软件\apache-maven-3.8.6\mvn_resp\org\xmlunit\xmlunit-core\2.9.0\xmlunit-core-2.9.0.jar;D:\软件\apache-maven-3.8.6\mvn_resp\org\springframework\boot\spring-boot-starter-jetty\2.7.5\spring-boot-starter-jetty-2.7.5.jar;D:\软件\apache-maven-3.8.6\mvn_resp\jakarta\servlet\jakarta.servlet-api\4.0.4\jakarta.servlet-api-4.0.4.jar;D:\软件\apache-maven-3.8.6\mvn_resp\jakarta\websocket\jakarta.websocket-api\1.1.2\jakarta.websocket-api-1.1.2.jar;D:\软件\apache-maven-3.8.6\mvn_resp\org\apache\tomcat\embed\tomcat-embed-el\9.0.69\tomcat-embed-el-9.0.69.jar;D:\软件\apache-maven-3.8.6\mvn_resp\org\eclipse\jetty\jetty-servlets\9.4.49.v20220914\jetty-servlets-9.4.49.v20220914.jar;D:\软件\apache-maven-3.8.6\mvn_resp\org\eclipse\jetty\jetty-continuation\9.4.49.v20220914\jetty-continuation-9.4.49.v20220914.jar;D:\软件\apache-maven-3.8.6\mvn_resp\org\eclipse\jetty\jetty-http\9.4.49.v20220914\jetty-http-9.4.49.v20220914.jar;D:\软件\apache-maven-3.8.6\mvn_resp\org\eclipse\jetty\jetty-util\9.4.49.v20220914\jetty-util-9.4.49.v20220914.jar;D:\软件\apache-maven-3.8.6\mvn_resp\org\eclipse\jetty\jetty-io\9.4.49.v20220914\jetty-io-9.4.49.v20220914.jar;D:\软件\apache-maven-3.8.6\mvn_resp\org\eclipse\jetty\jetty-webapp\9.4.49.v20220914\jetty-webapp-9.4.49.v20220914.jar;D:\软件\apache-maven-3.8.6\mvn_resp\org\eclipse\jetty\jetty-xml\9.4.49.v20220914\jetty-xml-9.4.49.v20220914.jar;D:\软件\apache-maven-3.8.6\mvn_resp\org\eclipse\jetty\jetty-servlet\9.4.49.v20220914\jetty-servlet-9.4.49.v20220914.jar;D:\软件\apache-maven-3.8.6\mvn_resp\org\eclipse\jetty\jetty-security\9.4.49.v20220914\jetty-security-9.4.49.v20220914.jar;D:\软件\apache-maven-3.8.6\mvn_resp\org\eclipse\jetty\jetty-server\9.4.49.v20220914\jetty-server-9.4.49.v20220914.jar;D:\软件\apache-maven-3.8.6\mvn_resp\org\eclipse\jetty\jetty-util-ajax\9.4.49.v20220914\jetty-util-ajax-9.4.49.v20220914.jar;D:\软件\apache-maven-3.8.6\mvn_resp\org\eclipse\jetty\websocket\websocket-server\9.4.49.v20220914\websocket-server-9.4.49.v20220914.jar;D:\软件\apache-maven-3.8.6\mvn_resp\org\eclipse\jetty\websocket\websocket-common\9.4.49.v20220914\websocket-common-9.4.49.v20220914.jar;D:\软件\apache-maven-3.8.6\mvn_resp\org\eclipse\jetty\websocket\websocket-api\9.4.49.v20220914\websocket-api-9.4.49.v20220914.jar;D:\软件\apache-maven-3.8.6\mvn_resp\org\eclipse\jetty\websocket\websocket-client\9.4.49.v20220914\websocket-client-9.4.49.v20220914.jar;D:\软件\apache-maven-3.8.6\mvn_resp\org\eclipse\jetty\jetty-client\9.4.49.v20220914\jetty-client-9.4.49.v20220914.jar;D:\软件\apache-maven-3.8.6\mvn_resp\org\eclipse\jetty\websocket\websocket-servlet\9.4.49.v20220914\websocket-servlet-9.4.49.v20220914.jar;D:\软件\apache-maven-3.8.6\mvn_resp\org\eclipse\jetty\websocket\javax-websocket-server-impl\9.4.49.v20220914\javax-websocket-server-impl-9.4.49.v20220914.jar;D:\软件\apache-maven-3.8.6\mvn_resp\org\eclipse\jetty\jetty-annotations\9.4.49.v20220914\jetty-annotations-9.4.49.v20220914.jar;D:\软件\apache-maven-3.8.6\mvn_resp\org\eclipse\jetty\jetty-plus\9.4.49.v20220914\jetty-plus-9.4.49.v20220914.jar;D:\软件\apache-maven-3.8.6\mvn_resp\org\ow2\asm\asm\9.3\asm-9.3.jar;D:\软件\apache-maven-3.8.6\mvn_resp\org\ow2\asm\asm-commons\9.3\asm-commons-9.3.jar;D:\软件\apache-maven-3.8.6\mvn_resp\org\ow2\asm\asm-tree\9.3\asm-tree-9.3.jar;D:\软件\apache-maven-3.8.6\mvn_resp\org\ow2\asm\asm-analysis\9.3\asm-analysis-9.3.jar;D:\软件\apache-maven-3.8.6\mvn_resp\org\eclipse\jetty\websocket\javax-websocket-client-impl\9.4.49.v20220914\javax-websocket-client-impl-9.4.49.v20220914.jar;"/>
    <property name="java.vm.vendor" value="Oracle Corporation"/>
    <property name="sun.arch.data.model" value="64"/>
    <property name="user.variant" value=""/>
    <property name="java.vendor.url" value="http://java.oracle.com/"/>
    <property name="user.timezone" value="Asia/Shanghai"/>
    <property name="java.vm.specification.version" value="1.8"/>
    <property name="os.name" value="Windows 10"/>
    <property name="user.country" value="CN"/>
    <property name="sun.java.launcher" value="SUN_STANDARD"/>
    <property name="sun.boot.library.path" value="D:\jdk\jre\bin"/>
    <property name="sun.java.command" value="C:\Users\qingsong\AppData\Local\Temp\surefire1248556520441852187\surefirebooter3634375324167960366.jar C:\Users\qingsong\AppData\Local\Temp\surefire1248556520441852187 2022-11-25T20-03-19_985-jvmRun1 surefire4668907026347703786tmp surefire_08405521591067007138tmp"/>
    <property name="surefire.test.class.path" value="G:\Data\idea_data\SpringBoot1\target\test-classes;G:\Data\idea_data\SpringBoot1\target\classes;D:\软件\apache-maven-3.8.6\mvn_resp\org\springframework\boot\spring-boot-starter-web\2.7.6\spring-boot-starter-web-2.7.6.jar;D:\软件\apache-maven-3.8.6\mvn_resp\org\springframework\boot\spring-boot-starter\2.7.6\spring-boot-starter-2.7.6.jar;D:\软件\apache-maven-3.8.6\mvn_resp\org\springframework\boot\spring-boot\2.7.6\spring-boot-2.7.6.jar;D:\软件\apache-maven-3.8.6\mvn_resp\org\springframework\boot\spring-boot-autoconfigure\2.7.6\spring-boot-autoconfigure-2.7.6.jar;D:\软件\apache-maven-3.8.6\mvn_resp\org\springframework\boot\spring-boot-starter-logging\2.7.6\spring-boot-starter-logging-2.7.6.jar;D:\软件\apache-maven-3.8.6\mvn_resp\ch\qos\logback\logback-classic\1.2.11\logback-classic-1.2.11.jar;D:\软件\apache-maven-3.8.6\mvn_resp\ch\qos\logback\logback-core\1.2.11\logback-core-1.2.11.jar;D:\软件\apache-maven-3.8.6\mvn_resp\org\apache\logging\log4j\log4j-to-slf4j\2.17.2\log4j-to-slf4j-2.17.2.jar;D:\软件\apache-maven-3.8.6\mvn_resp\org\apache\logging\log4j\log4j-api\2.17.2\log4j-api-2.17.2.jar;D:\软件\apache-maven-3.8.6\mvn_resp\org\slf4j\jul-to-slf4j\1.7.36\jul-to-slf4j-1.7.36.jar;D:\软件\apache-maven-3.8.6\mvn_resp\jakarta\annotation\jakarta.annotation-api\1.3.5\jakarta.annotation-api-1.3.5.jar;D:\软件\apache-maven-3.8.6\mvn_resp\org\yaml\snakeyaml\1.30\snakeyaml-1.30.jar;D:\软件\apache-maven-3.8.6\mvn_resp\org\springframework\boot\spring-boot-starter-json\2.7.6\spring-boot-starter-json-2.7.6.jar;D:\软件\apache-maven-3.8.6\mvn_resp\com\fasterxml\jackson\core\jackson-databind\2.13.4.2\jackson-databind-2.13.4.2.jar;D:\软件\apache-maven-3.8.6\mvn_resp\com\fasterxml\jackson\core\jackson-annotations\2.13.4\jackson-annotations-2.13.4.jar;D:\软件\apache-maven-3.8.6\mvn_resp\com\fasterxml\jackson\core\jackson-core\2.13.4\jackson-core-2.13.4.jar;D:\软件\apache-maven-3.8.6\mvn_resp\com\fasterxml\jackson\datatype\jackson-datatype-jdk8\2.13.4\jackson-datatype-jdk8-2.13.4.jar;D:\软件\apache-maven-3.8.6\mvn_resp\com\fasterxml\jackson\datatype\jackson-datatype-jsr310\2.13.4\jackson-datatype-jsr310-2.13.4.jar;D:\软件\apache-maven-3.8.6\mvn_resp\com\fasterxml\jackson\module\jackson-module-parameter-names\2.13.4\jackson-module-parameter-names-2.13.4.jar;D:\软件\apache-maven-3.8.6\mvn_resp\org\springframework\spring-web\5.3.24\spring-web-5.3.24.jar;D:\软件\apache-maven-3.8.6\mvn_resp\org\springframework\spring-beans\5.3.24\spring-beans-5.3.24.jar;D:\软件\apache-maven-3.8.6\mvn_resp\org\springframework\spring-webmvc\5.3.24\spring-webmvc-5.3.24.jar;D:\软件\apache-maven-3.8.6\mvn_resp\org\springframework\spring-aop\5.3.24\spring-aop-5.3.24.jar;D:\软件\apache-maven-3.8.6\mvn_resp\org\springframework\spring-context\5.3.24\spring-context-5.3.24.jar;D:\软件\apache-maven-3.8.6\mvn_resp\org\springframework\spring-expression\5.3.24\spring-expression-5.3.24.jar;D:\软件\apache-maven-3.8.6\mvn_resp\org\springframework\boot\spring-boot-starter-test\2.7.6\spring-boot-starter-test-2.7.6.jar;D:\软件\apache-maven-3.8.6\mvn_resp\org\springframework\boot\spring-boot-test\2.7.6\spring-boot-test-2.7.6.jar;D:\软件\apache-maven-3.8.6\mvn_resp\org\springframework\boot\spring-boot-test-autoconfigure\2.7.6\spring-boot-test-autoconfigure-2.7.6.jar;D:\软件\apache-maven-3.8.6\mvn_resp\com\jayway\jsonpath\json-path\2.7.0\json-path-2.7.0.jar;D:\软件\apache-maven-3.8.6\mvn_resp\net\minidev\json-smart\2.4.8\json-smart-2.4.8.jar;D:\软件\apache-maven-3.8.6\mvn_resp\net\minidev\accessors-smart\2.4.8\accessors-smart-2.4.8.jar;D:\软件\apache-maven-3.8.6\mvn_resp\org\slf4j\slf4j-api\1.7.36\slf4j-api-1.7.36.jar;D:\软件\apache-maven-3.8.6\mvn_resp\jakarta\xml\bind\jakarta.xml.bind-api\2.3.3\jakarta.xml.bind-api-2.3.3.jar;D:\软件\apache-maven-3.8.6\mvn_resp\jakarta\activation\jakarta.activation-api\1.2.2\jakarta.activation-api-1.2.2.jar;D:\软件\apache-maven-3.8.6\mvn_resp\org\assertj\assertj-core\3.22.0\assertj-core-3.22.0.jar;D:\软件\apache-maven-3.8.6\mvn_resp\org\hamcrest\hamcrest\2.2\hamcrest-2.2.jar;D:\软件\apache-maven-3.8.6\mvn_resp\org\junit\jupiter\junit-jupiter\5.8.2\junit-jupiter-5.8.2.jar;D:\软件\apache-maven-3.8.6\mvn_resp\org\junit\jupiter\junit-jupiter-api\5.8.2\junit-jupiter-api-5.8.2.jar;D:\软件\apache-maven-3.8.6\mvn_resp\org\opentest4j\opentest4j\1.2.0\opentest4j-1.2.0.jar;D:\软件\apache-maven-3.8.6\mvn_resp\org\junit\platform\junit-platform-commons\1.8.2\junit-platform-commons-1.8.2.jar;D:\软件\apache-maven-3.8.6\mvn_resp\org\apiguardian\apiguardian-api\1.1.2\apiguardian-api-1.1.2.jar;D:\软件\apache-maven-3.8.6\mvn_resp\org\junit\jupiter\junit-jupiter-params\5.8.2\junit-jupiter-params-5.8.2.jar;D:\软件\apache-maven-3.8.6\mvn_resp\org\junit\jupiter\junit-jupiter-engine\5.8.2\junit-jupiter-engine-5.8.2.jar;D:\软件\apache-maven-3.8.6\mvn_resp\org\junit\platform\junit-platform-engine\1.8.2\junit-platform-engine-1.8.2.jar;D:\软件\apache-maven-3.8.6\mvn_resp\org\mockito\mockito-core\4.5.1\mockito-core-4.5.1.jar;D:\软件\apache-maven-3.8.6\mvn_resp\net\bytebuddy\byte-buddy\1.12.19\byte-buddy-1.12.19.jar;D:\软件\apache-maven-3.8.6\mvn_resp\net\bytebuddy\byte-buddy-agent\1.12.19\byte-buddy-agent-1.12.19.jar;D:\软件\apache-maven-3.8.6\mvn_resp\org\objenesis\objenesis\3.2\objenesis-3.2.jar;D:\软件\apache-maven-3.8.6\mvn_resp\org\mockito\mockito-junit-jupiter\4.5.1\mockito-junit-jupiter-4.5.1.jar;D:\软件\apache-maven-3.8.6\mvn_resp\org\skyscreamer\jsonassert\1.5.1\jsonassert-1.5.1.jar;D:\软件\apache-maven-3.8.6\mvn_resp\com\vaadin\external\google\android-json\0.0.20131108.vaadin1\android-json-0.0.20131108.vaadin1.jar;D:\软件\apache-maven-3.8.6\mvn_resp\org\springframework\spring-core\5.3.24\spring-core-5.3.24.jar;D:\软件\apache-maven-3.8.6\mvn_resp\org\springframework\spring-jcl\5.3.24\spring-jcl-5.3.24.jar;D:\软件\apache-maven-3.8.6\mvn_resp\org\springframework\spring-test\5.3.24\spring-test-5.3.24.jar;D:\软件\apache-maven-3.8.6\mvn_resp\org\xmlunit\xmlunit-core\2.9.0\xmlunit-core-2.9.0.jar;D:\软件\apache-maven-3.8.6\mvn_resp\org\springframework\boot\spring-boot-starter-jetty\2.7.5\spring-boot-starter-jetty-2.7.5.jar;D:\软件\apache-maven-3.8.6\mvn_resp\jakarta\servlet\jakarta.servlet-api\4.0.4\jakarta.servlet-api-4.0.4.jar;D:\软件\apache-maven-3.8.6\mvn_resp\jakarta\websocket\jakarta.websocket-api\1.1.2\jakarta.websocket-api-1.1.2.jar;D:\软件\apache-maven-3.8.6\mvn_resp\org\apache\tomcat\embed\tomcat-embed-el\9.0.69\tomcat-embed-el-9.0.69.jar;D:\软件\apache-maven-3.8.6\mvn_resp\org\eclipse\jetty\jetty-servlets\9.4.49.v20220914\jetty-servlets-9.4.49.v20220914.jar;D:\软件\apache-maven-3.8.6\mvn_resp\org\eclipse\jetty\jetty-continuation\9.4.49.v20220914\jetty-continuation-9.4.49.v20220914.jar;D:\软件\apache-maven-3.8.6\mvn_resp\org\eclipse\jetty\jetty-http\9.4.49.v20220914\jetty-http-9.4.49.v20220914.jar;D:\软件\apache-maven-3.8.6\mvn_resp\org\eclipse\jetty\jetty-util\9.4.49.v20220914\jetty-util-9.4.49.v20220914.jar;D:\软件\apache-maven-3.8.6\mvn_resp\org\eclipse\jetty\jetty-io\9.4.49.v20220914\jetty-io-9.4.49.v20220914.jar;D:\软件\apache-maven-3.8.6\mvn_resp\org\eclipse\jetty\jetty-webapp\9.4.49.v20220914\jetty-webapp-9.4.49.v20220914.jar;D:\软件\apache-maven-3.8.6\mvn_resp\org\eclipse\jetty\jetty-xml\9.4.49.v20220914\jetty-xml-9.4.49.v20220914.jar;D:\软件\apache-maven-3.8.6\mvn_resp\org\eclipse\jetty\jetty-servlet\9.4.49.v20220914\jetty-servlet-9.4.49.v20220914.jar;D:\软件\apache-maven-3.8.6\mvn_resp\org\eclipse\jetty\jetty-security\9.4.49.v20220914\jetty-security-9.4.49.v20220914.jar;D:\软件\apache-maven-3.8.6\mvn_resp\org\eclipse\jetty\jetty-server\9.4.49.v20220914\jetty-server-9.4.49.v20220914.jar;D:\软件\apache-maven-3.8.6\mvn_resp\org\eclipse\jetty\jetty-util-ajax\9.4.49.v20220914\jetty-util-ajax-9.4.49.v20220914.jar;D:\软件\apache-maven-3.8.6\mvn_resp\org\eclipse\jetty\websocket\websocket-server\9.4.49.v20220914\websocket-server-9.4.49.v20220914.jar;D:\软件\apache-maven-3.8.6\mvn_resp\org\eclipse\jetty\websocket\websocket-common\9.4.49.v20220914\websocket-common-9.4.49.v20220914.jar;D:\软件\apache-maven-3.8.6\mvn_resp\org\eclipse\jetty\websocket\websocket-api\9.4.49.v20220914\websocket-api-9.4.49.v20220914.jar;D:\软件\apache-maven-3.8.6\mvn_resp\org\eclipse\jetty\websocket\websocket-client\9.4.49.v20220914\websocket-client-9.4.49.v20220914.jar;D:\软件\apache-maven-3.8.6\mvn_resp\org\eclipse\jetty\jetty-client\9.4.49.v20220914\jetty-client-9.4.49.v20220914.jar;D:\软件\apache-maven-3.8.6\mvn_resp\org\eclipse\jetty\websocket\websocket-servlet\9.4.49.v20220914\websocket-servlet-9.4.49.v20220914.jar;D:\软件\apache-maven-3.8.6\mvn_resp\org\eclipse\jetty\websocket\javax-websocket-server-impl\9.4.49.v20220914\javax-websocket-server-impl-9.4.49.v20220914.jar;D:\软件\apache-maven-3.8.6\mvn_resp\org\eclipse\jetty\jetty-annotations\9.4.49.v20220914\jetty-annotations-9.4.49.v20220914.jar;D:\软件\apache-maven-3.8.6\mvn_resp\org\eclipse\jetty\jetty-plus\9.4.49.v20220914\jetty-plus-9.4.49.v20220914.jar;D:\软件\apache-maven-3.8.6\mvn_resp\org\ow2\asm\asm\9.3\asm-9.3.jar;D:\软件\apache-maven-3.8.6\mvn_resp\org\ow2\asm\asm-commons\9.3\asm-commons-9.3.jar;D:\软件\apache-maven-3.8.6\mvn_resp\org\ow2\asm\asm-tree\9.3\asm-tree-9.3.jar;D:\软件\apache-maven-3.8.6\mvn_resp\org\ow2\asm\asm-analysis\9.3\asm-analysis-9.3.jar;D:\软件\apache-maven-3.8.6\mvn_resp\org\eclipse\jetty\websocket\javax-websocket-client-impl\9.4.49.v20220914\javax-websocket-client-impl-9.4.49.v20220914.jar;"/>
    <property name="sun.cpu.endian" value="little"/>
    <property name="user.home" value="C:\Users\qingsong"/>
    <property name="user.language" value="zh"/>
    <property name="java.specification.vendor" value="Oracle Corporation"/>
    <property name="java.home" value="D:\jdk\jre"/>
    <property name="basedir" value="G:\Data\idea_data\SpringBoot1"/>
    <property name="file.separator" value="\"/>
    <property name="line.separator" value="&#10;"/>
    <property name="java.vm.specification.vendor" value="Oracle Corporation"/>
    <property name="java.specification.name" value="Java Platform API Specification"/>
    <property name="java.awt.graphicsenv" value="sun.awt.Win32GraphicsEnvironment"/>
    <property name="surefire.real.class.path" value="C:\Users\qingsong\AppData\Local\Temp\surefire1248556520441852187\surefirebooter3634375324167960366.jar"/>
    <property name="sun.boot.class.path" value="D:\jdk\jre\lib\resources.jar;D:\jdk\jre\lib\rt.jar;D:\jdk\jre\lib\sunrsasign.jar;D:\jdk\jre\lib\jsse.jar;D:\jdk\jre\lib\jce.jar;D:\jdk\jre\lib\charsets.jar;D:\jdk\jre\lib\jfr.jar;D:\jdk\jre\classes"/>
    <property name="user.script" value=""/>
    <property name="sun.management.compiler" value="HotSpot 64-Bit Tiered Compilers"/>
    <property name="java.runtime.version" value="1.8.0_144-b01"/>
    <property name="user.name" value="qingsong"/>
    <property name="path.separator" value=";"/>
    <property name="os.version" value="10.0"/>
    <property name="java.endorsed.dirs" value="D:\jdk\jre\lib\endorsed"/>
    <property name="java.runtime.name" value="Java(TM) SE Runtime Environment"/>
    <property name="file.encoding" value="GBK"/>
    <property name="java.vm.name" value="Java HotSpot(TM) 64-Bit Server VM"/>
    <property name="localRepository" value="D:\软件\apache-maven-3.8.6\mvn_resp"/>
    <property name="java.vendor.url.bug" value="http://bugreport.sun.com/bugreport/"/>
    <property name="java.io.tmpdir" value="C:\Users\qingsong\AppData\Local\Temp\"/>
    <property name="idea.version" value="2022.2.3"/>
    <property name="java.version" value="1.8.0_144"/>
    <property name="user.dir" value="G:\Data\idea_data\SpringBoot1"/>
    <property name="os.arch" value="amd64"/>
    <property name="java.vm.specification.name" value="Java Virtual Machine Specification"/>
    <property name="java.awt.printerjob" value="sun.awt.windows.WPrinterJob"/>
    <property name="sun.os.patch.level" value=""/>
    <property name="java.library.path" value="D:\jdk\jre\bin;C:\WINDOWS\Sun\Java\bin;C:\WINDOWS\system32;C:\WINDOWS;C:\ProgramData\Oracle\Java\javapath;D:\软件\vm\bin\;%;ystemRoot%\system32;C:\WINDOWS;C:\WINDOWS\System32\Wbem;C:\WINDOWS\System32\WindowsPowerShell\v1.0\;C:\WINDOWS\System32\OpenSSH\;D:\jdk\bin;D:\软件\qq\Bin;D:\软件\git\Git\cmd;D:\软件\apache-maven-3.8.6\bin;&quot;c:\windows\system32;&quot;;C:\Program Files\MySQL\MySQL Shell 8.0\bin\;C:\Users\qingsong\AppData\Local\Microsoft\WindowsApps;;D:\软件\sshconect;."/>
    <property name="java.vm.info" value="mixed mode"/>
    <property name="java.vendor" value="Oracle Corporation"/>
    <property name="java.vm.version" value="25.144-b01"/>
    <property name="java.ext.dirs" value="D:\jdk\jre\lib\ext;C:\WINDOWS\Sun\Java\lib\ext"/>
    <property name="sun.io.unicode.encoding" value="UnicodeLittle"/>
    <property name="maven.repo.local" value="D:\软件\apache-maven-3.8.6\mvn_resp"/>
    <property name="java.class.version" value="52.0"/>
  </properties>
  <testcase name="contextLoads" classname="com.itheima.springboot1.SpringBoot1ApplicationTests" time="0.161"/>
</testsuite>